\BOOKMARK [1][-]{section.1}{\376\377\000R\000e\000s\000u\000m\000e\000n}{}% 1
\BOOKMARK [1][-]{section.2}{\376\377\000E\000s\000t\000r\000u\000c\000t\000u\000r\000a\000\040\000d\000e\000l\000\040\000p\000r\000o\000y\000e\000c\000t\000o}{}% 2
\BOOKMARK [1][-]{section.3}{\376\377\000A\000l\000c\000a\000n\000c\000e\000\040\000y\000\040\000o\000b\000j\000e\000t\000i\000v\000o\000s}{}% 3
\BOOKMARK [2][-]{subsection.3.1}{\376\377\000O\000b\000j\000e\000t\000i\000v\000o\000s}{section.3}% 4
\BOOKMARK [2][-]{subsection.3.2}{\376\377\000N\000o\000\040\000i\000n\000c\000l\000u\000i\000d\000o\000\040\000\050\000p\000o\000r\000\040\000a\000h\000o\000r\000a\000\051}{section.3}% 5
\BOOKMARK [1][-]{section.4}{\376\377\000A\000r\000q\000u\000i\000t\000e\000c\000t\000u\000r\000a}{}% 6
\BOOKMARK [2][-]{subsection.4.1}{\376\377\000C\000o\000m\000p\000o\000n\000e\000n\000t\000e\000s}{section.4}% 7
\BOOKMARK [2][-]{subsection.4.2}{\376\377\000F\000l\000u\000j\000o\000\040\000p\000r\000i\000n\000c\000i\000p\000a\000l}{section.4}% 8
\BOOKMARK [2][-]{subsection.4.3}{\376\377\000F\000l\000u\000j\000o\000\040\000d\000e\000\040\000r\000e\000p\000r\000o\000c\000e\000s\000a\000d\000o\000\040\000\050\000a\000c\000t\000u\000a\000l\000i\000z\000a\000c\000i\000\363\000n\000\051}{section.4}% 9
\BOOKMARK [1][-]{section.5}{\376\377\000M\000o\000d\000e\000l\000o\000\040\000d\000e\000\040\000d\000a\000t\000o\000s}{}% 10
\BOOKMARK [2][-]{subsection.5.1}{\376\377\000T\000a\000b\000l\000a\000:\000\040\000d\000a\000t\000a\000\137\000o\000c\000r\000\137\000i\000n\000v\000o\000i\000c\000e}{section.5}% 11
\BOOKMARK [2][-]{subsection.5.2}{\376\377\000T\000a\000b\000l\000a\000:\000\040\000o\000c\000r\000\137\000i\000n\000f\000o\000\137\000c\000l\000o\000t\000h\000e\000s}{section.5}% 12
\BOOKMARK [2][-]{subsection.5.3}{\376\377\000T\000a\000b\000l\000a\000:\000\040\000i\000m\000p\000o\000r\000t\000a\000c\000i\000o\000n\000\137\000a\000r\000t\000i\000c\000u\000l\000o\000s\000\137\000m\000o\000n\000t\000c\000a\000u}{section.5}% 13
\BOOKMARK [1][-]{section.6}{\376\377\000A\000P\000I\000s}{}% 14
\BOOKMARK [2][-]{subsection.6.1}{\376\377\000B\000a\000c\000k\000e\000n\000d\000\040\000p\000r\000i\000n\000c\000i\000p\000a\000l\000\040\000\050\000p\000u\000e\000r\000t\000o\000\040\0008\0000\0000\0000\000\051}{section.6}% 15
\BOOKMARK [2][-]{subsection.6.2}{\376\377\000N\000o\000t\000a\000s\000\040\000d\000e\000\040\000d\000i\000s\000e\000\361\000o\000\040\000d\000e\000\040\000A\000P\000I}{section.6}% 16
\BOOKMARK [1][-]{section.7}{\376\377\000I\000n\000g\000e\000s\000t\000i\000\363\000n\000\040\000d\000e\000s\000d\000e\000\040\000W\000h\000a\000t\000s\000A\000p\000p\000\040\000y\000\040\000T\000e\000l\000e\000g\000r\000a\000m}{}% 17
\BOOKMARK [2][-]{subsection.7.1}{\376\377\000P\000a\000t\000r\000o\000n\000e\000s\000\040\000r\000e\000c\000o\000m\000e\000n\000d\000a\000d\000o\000s}{section.7}% 18
\BOOKMARK [2][-]{subsection.7.2}{\376\377\000R\000e\000f\000e\000r\000e\000n\000c\000i\000a\000s\000\040\000\050\000r\000e\000f\000e\000r\000e\000n\000c\000e\000\137\000c\000o\000d\000e\000\051}{section.7}% 19
\BOOKMARK [2][-]{subsection.7.3}{\376\377\000\323\000p\000t\000i\000m\000o\000\040\000c\000u\000a\000n\000d\000o\000\040\000f\000a\000l\000t\000a\000\040\000l\000a\000\040\000r\000e\000f\000e\000r\000e\000n\000c\000i\000a}{section.7}% 20
\BOOKMARK [2][-]{subsection.7.4}{\376\377\000S\000e\000g\000u\000r\000i\000d\000a\000d\000\040\000\050\000m\000u\000y\000\040\000i\000m\000p\000o\000r\000t\000a\000n\000t\000e\000\051}{section.7}% 21
\BOOKMARK [2][-]{subsection.7.5}{\376\377\000O\000C\000R\000\040\000P\000r\000o\000v\000i\000d\000e\000r\000\040\000\050\000p\000u\000e\000r\000t\000o\000\040\0008\0000\0000\0001\000\051}{section.7}% 22
\BOOKMARK [2][-]{subsection.7.6}{\376\377\000C\000o\000n\000t\000r\000a\000t\000o\000\040\000d\000e\000l\000\040\000O\000C\000R\000\040\000P\000r\000o\000v\000i\000d\000e\000r}{section.7}% 23
\BOOKMARK [1][-]{section.8}{\376\377\000C\000o\000n\000f\000i\000g\000u\000r\000a\000c\000i\000\363\000n}{}% 24
\BOOKMARK [1][-]{section.9}{\376\377\000E\000j\000e\000c\000u\000c\000i\000\363\000n\000\040\000l\000o\000c\000a\000l}{}% 25
\BOOKMARK [2][-]{subsection.9.1}{\376\377\000B\000a\000c\000k\000e\000n\000d}{section.9}% 26
\BOOKMARK [2][-]{subsection.9.2}{\376\377\000O\000C\000R\000\040\000P\000r\000o\000v\000i\000d\000e\000r\000\040\000\050\000s\000t\000u\000b\000\051}{section.9}% 27
\BOOKMARK [1][-]{section.10}{\376\377\000C\000o\000n\000s\000i\000d\000e\000r\000a\000c\000i\000o\000n\000e\000s\000\040\000d\000e\000\040\000s\000e\000g\000u\000r\000i\000d\000a\000d}{}% 28
\BOOKMARK [1][-]{section.11}{\376\377\000D\000e\000s\000p\000l\000i\000e\000g\000u\000e\000\040\000\050\000D\000o\000c\000k\000e\000r\000\051}{}% 29
\BOOKMARK [1][-]{section.12}{\376\377\000P\000r\000u\000e\000b\000a\000s\000\040\000a\000u\000t\000o\000m\000\341\000t\000i\000c\000a\000s}{}% 30
\BOOKMARK [1][-]{section.13}{\376\377\000C\000a\000m\000b\000i\000o\000s\000\040\000i\000m\000p\000l\000e\000m\000e\000n\000t\000a\000d\000o\000s\000\040\000\050\000r\000e\000s\000u\000m\000e\000n\000\051}{}% 31
\BOOKMARK [1][-]{section.14}{\376\377\000P\000l\000a\000n\000\040\000d\000e\000\040\000t\000r\000a\000b\000a\000j\000o\000\040\000\050\000p\000o\000r\000\040\000f\000a\000s\000e\000s\000\051}{}% 32
\BOOKMARK [2][-]{subsection.14.1}{\376\377\000F\000a\000s\000e\000\040\0000\000:\000\040\000B\000a\000s\000e\000\040\000f\000u\000n\000c\000i\000o\000n\000a\000l\000\040\000\050\000y\000a\000\040\000i\000m\000p\000l\000e\000m\000e\000n\000t\000a\000d\000a\000\051}{section.14}% 33
\BOOKMARK [2][-]{subsection.14.2}{\376\377\000F\000a\000s\000e\000\040\0001\000:\000\040\000O\000C\000R\000\040\000r\000e\000a\000l}{section.14}% 34
\BOOKMARK [2][-]{subsection.14.3}{\376\377\000F\000a\000s\000e\000\040\0002\000:\000\040\000R\000e\000g\000l\000a\000s\000\040\000d\000e\000\040\000n\000e\000g\000o\000c\000i\000o\000\040\000y\000\040\000c\000a\000l\000i\000d\000a\000d\000\040\000d\000e\000\040\000d\000a\000t\000o\000s}{section.14}% 35
\BOOKMARK [2][-]{subsection.14.4}{\376\377\000F\000a\000s\000e\000\040\0003\000:\000\040\000I\000n\000t\000e\000g\000r\000a\000c\000i\000\363\000n\000\040\000c\000o\000n\000\040\000c\000a\000t\000\341\000l\000o\000g\000o\000\040\000/\000\040\000E\000R\000P}{section.14}% 36
\BOOKMARK [2][-]{subsection.14.5}{\376\377\000F\000a\000s\000e\000\040\0004\000:\000\040\000O\000p\000e\000r\000a\000c\000i\000\363\000n\000\040\000y\000\040\000d\000e\000s\000p\000l\000i\000e\000g\000u\000e}{section.14}% 37
\BOOKMARK [1][-]{section.15}{\376\377\000P\000r\000e\000g\000u\000n\000t\000a\000s\000\040\000a\000b\000i\000e\000r\000t\000a\000s\000\040\000\050\000p\000a\000r\000a\000\040\000c\000e\000r\000r\000a\000r\000\040\000r\000e\000q\000u\000i\000s\000i\000t\000o\000s\000\051}{}% 38
